<?xml version="1.0" encoding="UTF-8"?>
<testng-results skipped="0" failed="3" ignored="6" total="10" passed="1">
  <reporter-output>
  </reporter-output>
  <suite name="Q505T" duration-ms="48697" started-at="2018-03-24T13:31:55Z" finished-at="2018-03-24T13:32:43Z">
    <groups>
    </groups>
    <test name="testqq" duration-ms="48697" started-at="2018-03-24T13:31:55Z" finished-at="2018-03-24T13:32:43Z">
      <class name="testqq.TestContacts">
        <test-method status="PASS" signature="findPage()[pri:0, instance:testqq.TestContacts@2a098129]" name="findPage" is-config="true" duration-ms="2008" started-at="2018-03-24T21:32:39Z" finished-at="2018-03-24T21:32:41Z">
          <reporter-output>
          </reporter-output>
        </test-method> <!-- findPage -->
        <test-method status="FAIL" signature="plus()[pri:0, instance:testqq.TestContacts@2a098129]" name="plus" duration-ms="131" started-at="2018-03-24T21:32:41Z" finished-at="2018-03-24T21:32:41Z">
          <exception class="org.openqa.selenium.NoSuchElementException">
            <message>
              <![CDATA[An element could not be located on the page using the given search parameters. (WARNING: The server did not provide any stacktrace information)
Command duration or timeout: 0 milliseconds
For documentation on this error, please visit: http://seleniumhq.org/exceptions/no_such_element.html
Build info: version: '3.6.0', revision: '6fbf3ec767', time: '2017-09-27T15:28:36.4Z'
System info: host: 'DELL', ip: '10.198.1.22', os.name: 'Windows 10', os.arch: 'amd64', os.version: '10.0', java.version: '1.8.0_112-release'
Driver info: io.appium.java_client.android.AndroidDriver
Capabilities [{app=, appPackage=com.tencent.mobileqq, noReset=true, noSign=true, deviceName=8bf38460, platform=ANDROID, appActivity=com.tencent.mobileqq.activity.SplashActivity, platformVersion=7.0, automationName=UIAutomator2, javascriptEnabled=true, unicodeKeyboard=true, udid=8bf38460, platformName=ANDROID, resetKeyboard=true}]
Session ID: 2ce8c668-1807-4263-bdba-9bcb5754e5b4
*** Element info: {Using=id, value=com.tencent.mobileqq:id/ivTitleBtnRightText}]]>
            </message>
            <full-stacktrace>
              <![CDATA[org.openqa.selenium.NoSuchElementException: An element could not be located on the page using the given search parameters. (WARNING: The server did not provide any stacktrace information)
Command duration or timeout: 0 milliseconds
For documentation on this error, please visit: http://seleniumhq.org/exceptions/no_such_element.html
Build info: version: '3.6.0', revision: '6fbf3ec767', time: '2017-09-27T15:28:36.4Z'
System info: host: 'DELL', ip: '10.198.1.22', os.name: 'Windows 10', os.arch: 'amd64', os.version: '10.0', java.version: '1.8.0_112-release'
Driver info: io.appium.java_client.android.AndroidDriver
Capabilities [{app=, appPackage=com.tencent.mobileqq, noReset=true, noSign=true, deviceName=8bf38460, platform=ANDROID, appActivity=com.tencent.mobileqq.activity.SplashActivity, platformVersion=7.0, automationName=UIAutomator2, javascriptEnabled=true, unicodeKeyboard=true, udid=8bf38460, platformName=ANDROID, resetKeyboard=true}]
Session ID: 2ce8c668-1807-4263-bdba-9bcb5754e5b4
*** Element info: {Using=id, value=com.tencent.mobileqq:id/ivTitleBtnRightText}
	at sun.reflect.NativeConstructorAccessorImpl.newInstance0(Native Method)
	at sun.reflect.NativeConstructorAccessorImpl.newInstance(NativeConstructorAccessorImpl.java:62)
	at sun.reflect.DelegatingConstructorAccessorImpl.newInstance(DelegatingConstructorAccessorImpl.java:45)
	at java.lang.reflect.Constructor.newInstance(Constructor.java:423)
	at org.openqa.selenium.remote.ErrorHandler.createThrowable(ErrorHandler.java:214)
	at org.openqa.selenium.remote.ErrorHandler.throwIfResponseFailed(ErrorHandler.java:166)
	at org.openqa.selenium.remote.http.JsonHttpResponseCodec.reconstructValue(JsonHttpResponseCodec.java:40)
	at org.openqa.selenium.remote.http.AbstractHttpResponseCodec.decode(AbstractHttpResponseCodec.java:82)
	at org.openqa.selenium.remote.http.AbstractHttpResponseCodec.decode(AbstractHttpResponseCodec.java:45)
	at org.openqa.selenium.remote.HttpCommandExecutor.execute(HttpCommandExecutor.java:164)
	at io.appium.java_client.remote.AppiumCommandExecutor.execute(AppiumCommandExecutor.java:89)
	at org.openqa.selenium.remote.RemoteWebDriver.execute(RemoteWebDriver.java:586)
	at io.appium.java_client.DefaultGenericMobileDriver.execute(DefaultGenericMobileDriver.java:42)
	at io.appium.java_client.AppiumDriver.execute(AppiumDriver.java:1)
	at io.appium.java_client.android.AndroidDriver.execute(AndroidDriver.java:1)
	at org.openqa.selenium.remote.RemoteWebDriver.findElement(RemoteWebDriver.java:356)
	at io.appium.java_client.DefaultGenericMobileDriver.findElement(DefaultGenericMobileDriver.java:62)
	at io.appium.java_client.AppiumDriver.findElement(AppiumDriver.java:1)
	at io.appium.java_client.android.AndroidDriver.findElement(AndroidDriver.java:1)
	at org.openqa.selenium.remote.RemoteWebDriver.findElementById(RemoteWebDriver.java:402)
	at io.appium.java_client.DefaultGenericMobileDriver.findElementById(DefaultGenericMobileDriver.java:70)
	at io.appium.java_client.AppiumDriver.findElementById(AppiumDriver.java:1)
	at io.appium.java_client.android.AndroidDriver.findElementById(AndroidDriver.java:1)
	at org.openqa.selenium.By$ById.findElement(By.java:218)
	at org.openqa.selenium.remote.RemoteWebDriver.findElement(RemoteWebDriver.java:348)
	at io.appium.java_client.DefaultGenericMobileDriver.findElement(DefaultGenericMobileDriver.java:58)
	at io.appium.java_client.AppiumDriver.findElement(AppiumDriver.java:1)
	at io.appium.java_client.android.AndroidDriver.findElement(AndroidDriver.java:1)
	at org.openqa.selenium.support.pagefactory.DefaultElementLocator.findElement(DefaultElementLocator.java:69)
	at org.openqa.selenium.support.pagefactory.internal.LocatingElementHandler.invoke(LocatingElementHandler.java:38)
	at com.sun.proxy.$Proxy12.click(Unknown Source)
	at testqq.TestContacts.plus(TestContacts.java:15)
	at sun.reflect.NativeMethodAccessorImpl.invoke0(Native Method)
	at sun.reflect.NativeMethodAccessorImpl.invoke(NativeMethodAccessorImpl.java:62)
	at sun.reflect.DelegatingMethodAccessorImpl.invoke(DelegatingMethodAccessorImpl.java:43)
	at java.lang.reflect.Method.invoke(Method.java:498)
	at org.testng.internal.MethodInvocationHelper.invokeMethod(MethodInvocationHelper.java:104)
	at org.testng.internal.Invoker.invokeMethod(Invoker.java:645)
	at org.testng.internal.Invoker.invokeTestMethod(Invoker.java:851)
	at org.testng.internal.Invoker.invokeTestMethods(Invoker.java:1177)
	at org.testng.internal.TestMethodWorker.invokeTestMethods(TestMethodWorker.java:129)
	at org.testng.internal.TestMethodWorker.run(TestMethodWorker.java:112)
	at org.testng.TestRunner.privateRun(TestRunner.java:756)
	at org.testng.TestRunner.run(TestRunner.java:610)
	at org.testng.SuiteRunner.runTest(SuiteRunner.java:387)
	at org.testng.SuiteRunner.runSequentially(SuiteRunner.java:382)
	at org.testng.SuiteRunner.privateRun(SuiteRunner.java:340)
	at org.testng.SuiteRunner.run(SuiteRunner.java:289)
	at org.testng.SuiteRunnerWorker.runSuite(SuiteRunnerWorker.java:52)
	at org.testng.SuiteRunnerWorker.run(SuiteRunnerWorker.java:86)
	at java.util.concurrent.ThreadPoolExecutor.runWorker(ThreadPoolExecutor.java:1142)
	at java.util.concurrent.ThreadPoolExecutor$Worker.run(ThreadPoolExecutor.java:617)
	at java.lang.Thread.run(Thread.java:745)
]]>
            </full-stacktrace>
          </exception> <!-- org.openqa.selenium.NoSuchElementException -->
          <reporter-output>
          </reporter-output>
        </test-method> <!-- plus -->
      </class> <!-- testqq.TestContacts -->
      <class name="testqq.TestMessage">
        <test-method status="PASS" signature="startServer(java.lang.String, java.lang.String, java.lang.String, java.lang.String, java.lang.String, java.lang.String)[pri:0, instance:testqq.TestMessage@2a3046da]" name="startServer" is-config="true" duration-ms="901" started-at="2018-03-24T21:31:54Z" finished-at="2018-03-24T21:31:55Z">
          <params>
            <param index="0">
              <value>
                <![CDATA[node]]>
              </value>
            </param>
            <param index="1">
              <value>
                <![CDATA[C:/Users/dell1/AppData/Local/Programs/appium-desktop/resources/app/node_modules/appium/build/lib/main.js]]>
              </value>
            </param>
            <param index="2">
              <value>
                <![CDATA[4723]]>
              </value>
            </param>
            <param index="3">
              <value>
                <![CDATA[4724]]>
              </value>
            </param>
            <param index="4">
              <value>
                <![CDATA[9515]]>
              </value>
            </param>
            <param index="5">
              <value>
                <![CDATA[Q505T]]>
              </value>
            </param>
          </params>
          <reporter-output>
          </reporter-output>
        </test-method> <!-- startServer -->
        <test-method status="PASS" signature="setUp(java.lang.String, java.lang.String, java.lang.String, java.lang.String, java.lang.String, java.lang.String, java.lang.String)[pri:0, instance:testqq.TestMessage@2a3046da]" name="setUp" is-config="true" duration-ms="35453" started-at="2018-03-24T21:31:55Z" finished-at="2018-03-24T21:32:30Z">
          <params>
            <param index="0">
              <value>
                <![CDATA[4723]]>
              </value>
            </param>
            <param index="1">
              <value>
                <![CDATA[Android]]>
              </value>
            </param>
            <param index="2">
              <value>
                <![CDATA[4.3]]>
              </value>
            </param>
            <param index="3">
              <value>
                <![CDATA[Q505T]]>
              </value>
            </param>
            <param index="4">
              <value>
                <![CDATA[com.tencent.mobileqq]]>
              </value>
            </param>
            <param index="5">
              <value>
                <![CDATA[com.tencent.mobileqq.activity.SplashActivity]]>
              </value>
            </param>
            <param index="6">
              <value>
                <![CDATA[]]>
              </value>
            </param>
          </params>
          <reporter-output>
          </reporter-output>
        </test-method> <!-- setUp -->
        <test-method status="PASS" signature="findPage()[pri:0, instance:testqq.TestMessage@2a3046da]" name="findPage" is-config="true" duration-ms="2041" started-at="2018-03-24T21:32:30Z" finished-at="2018-03-24T21:32:32Z">
          <reporter-output>
          </reporter-output>
        </test-method> <!-- findPage -->
        <test-method status="PASS" signature="operation()[pri:0, instance:testqq.TestMessage@2a3046da]" name="operation" duration-ms="6659" started-at="2018-03-24T21:32:32Z" finished-at="2018-03-24T21:32:39Z">
          <reporter-output>
          </reporter-output>
        </test-method> <!-- operation -->
        <test-method status="PASS" signature="tearDown()[pri:0, instance:testqq.TestMessage@2a3046da]" name="tearDown" is-config="true" duration-ms="2375" started-at="2018-03-24T21:32:41Z" finished-at="2018-03-24T21:32:43Z">
          <reporter-output>
          </reporter-output>
        </test-method> <!-- tearDown -->
      </class> <!-- testqq.TestMessage -->
    </test> <!-- testqq -->
  </suite> <!-- Q505T -->
  <suite name="8bf38460" duration-ms="47001" started-at="2018-03-24T13:31:55Z" finished-at="2018-03-24T13:32:42Z">
    <groups>
    </groups>
    <test name="testqq" duration-ms="47001" started-at="2018-03-24T13:31:55Z" finished-at="2018-03-24T13:32:42Z">
      <class name="testqq.TestContacts">
        <test-method status="PASS" signature="findPage()[pri:0, instance:testqq.TestContacts@4fccd51b]" name="findPage" is-config="true" duration-ms="2000" started-at="2018-03-24T21:32:40Z" finished-at="2018-03-24T21:32:42Z">
          <reporter-output>
          </reporter-output>
        </test-method> <!-- findPage -->
        <test-method status="FAIL" signature="plus()[pri:0, instance:testqq.TestContacts@4fccd51b]" name="plus" duration-ms="7" started-at="2018-03-24T21:32:42Z" finished-at="2018-03-24T21:32:42Z">
          <exception class="org.openqa.selenium.NoSuchSessionException">
            <message>
              <![CDATA[A session is either terminated or not started (WARNING: The server did not provide any stacktrace information)
Command duration or timeout: 0 milliseconds
Build info: version: '3.6.0', revision: '6fbf3ec767', time: '2017-09-27T15:28:36.4Z'
System info: host: 'DELL', ip: '10.198.1.22', os.name: 'Windows 10', os.arch: 'amd64', os.version: '10.0', java.version: '1.8.0_112-release'
Driver info: io.appium.java_client.android.AndroidDriver
Capabilities [{app=, appPackage=com.tencent.mobileqq, noReset=true, noSign=true, deviceName=8bf38460, platform=ANDROID, appActivity=com.tencent.mobileqq.activity.SplashActivity, platformVersion=7.0, automationName=UIAutomator2, javascriptEnabled=true, unicodeKeyboard=true, udid=8bf38460, platformName=ANDROID, resetKeyboard=true}]
Session ID: 2ce8c668-1807-4263-bdba-9bcb5754e5b4
*** Element info: {Using=id, value=com.tencent.mobileqq:id/ivTitleBtnRightText}]]>
            </message>
            <full-stacktrace>
              <![CDATA[org.openqa.selenium.NoSuchSessionException: A session is either terminated or not started (WARNING: The server did not provide any stacktrace information)
Command duration or timeout: 0 milliseconds
Build info: version: '3.6.0', revision: '6fbf3ec767', time: '2017-09-27T15:28:36.4Z'
System info: host: 'DELL', ip: '10.198.1.22', os.name: 'Windows 10', os.arch: 'amd64', os.version: '10.0', java.version: '1.8.0_112-release'
Driver info: io.appium.java_client.android.AndroidDriver
Capabilities [{app=, appPackage=com.tencent.mobileqq, noReset=true, noSign=true, deviceName=8bf38460, platform=ANDROID, appActivity=com.tencent.mobileqq.activity.SplashActivity, platformVersion=7.0, automationName=UIAutomator2, javascriptEnabled=true, unicodeKeyboard=true, udid=8bf38460, platformName=ANDROID, resetKeyboard=true}]
Session ID: 2ce8c668-1807-4263-bdba-9bcb5754e5b4
*** Element info: {Using=id, value=com.tencent.mobileqq:id/ivTitleBtnRightText}
	at sun.reflect.NativeConstructorAccessorImpl.newInstance0(Native Method)
	at sun.reflect.NativeConstructorAccessorImpl.newInstance(NativeConstructorAccessorImpl.java:62)
	at sun.reflect.DelegatingConstructorAccessorImpl.newInstance(DelegatingConstructorAccessorImpl.java:45)
	at java.lang.reflect.Constructor.newInstance(Constructor.java:423)
	at org.openqa.selenium.remote.ErrorHandler.createThrowable(ErrorHandler.java:214)
	at org.openqa.selenium.remote.ErrorHandler.throwIfResponseFailed(ErrorHandler.java:166)
	at org.openqa.selenium.remote.http.JsonHttpResponseCodec.reconstructValue(JsonHttpResponseCodec.java:40)
	at org.openqa.selenium.remote.http.AbstractHttpResponseCodec.decode(AbstractHttpResponseCodec.java:82)
	at org.openqa.selenium.remote.http.AbstractHttpResponseCodec.decode(AbstractHttpResponseCodec.java:45)
	at org.openqa.selenium.remote.HttpCommandExecutor.execute(HttpCommandExecutor.java:164)
	at io.appium.java_client.remote.AppiumCommandExecutor.execute(AppiumCommandExecutor.java:89)
	at org.openqa.selenium.remote.RemoteWebDriver.execute(RemoteWebDriver.java:586)
	at io.appium.java_client.DefaultGenericMobileDriver.execute(DefaultGenericMobileDriver.java:42)
	at io.appium.java_client.AppiumDriver.execute(AppiumDriver.java:1)
	at io.appium.java_client.android.AndroidDriver.execute(AndroidDriver.java:1)
	at org.openqa.selenium.remote.RemoteWebDriver.findElement(RemoteWebDriver.java:356)
	at io.appium.java_client.DefaultGenericMobileDriver.findElement(DefaultGenericMobileDriver.java:62)
	at io.appium.java_client.AppiumDriver.findElement(AppiumDriver.java:1)
	at io.appium.java_client.android.AndroidDriver.findElement(AndroidDriver.java:1)
	at org.openqa.selenium.remote.RemoteWebDriver.findElementById(RemoteWebDriver.java:402)
	at io.appium.java_client.DefaultGenericMobileDriver.findElementById(DefaultGenericMobileDriver.java:70)
	at io.appium.java_client.AppiumDriver.findElementById(AppiumDriver.java:1)
	at io.appium.java_client.android.AndroidDriver.findElementById(AndroidDriver.java:1)
	at org.openqa.selenium.By$ById.findElement(By.java:218)
	at org.openqa.selenium.remote.RemoteWebDriver.findElement(RemoteWebDriver.java:348)
	at io.appium.java_client.DefaultGenericMobileDriver.findElement(DefaultGenericMobileDriver.java:58)
	at io.appium.java_client.AppiumDriver.findElement(AppiumDriver.java:1)
	at io.appium.java_client.android.AndroidDriver.findElement(AndroidDriver.java:1)
	at org.openqa.selenium.support.pagefactory.DefaultElementLocator.findElement(DefaultElementLocator.java:69)
	at org.openqa.selenium.support.pagefactory.internal.LocatingElementHandler.invoke(LocatingElementHandler.java:38)
	at com.sun.proxy.$Proxy12.click(Unknown Source)
	at testqq.TestContacts.plus(TestContacts.java:15)
	at sun.reflect.NativeMethodAccessorImpl.invoke0(Native Method)
	at sun.reflect.NativeMethodAccessorImpl.invoke(NativeMethodAccessorImpl.java:62)
	at sun.reflect.DelegatingMethodAccessorImpl.invoke(DelegatingMethodAccessorImpl.java:43)
	at java.lang.reflect.Method.invoke(Method.java:498)
	at org.testng.internal.MethodInvocationHelper.invokeMethod(MethodInvocationHelper.java:104)
	at org.testng.internal.Invoker.invokeMethod(Invoker.java:645)
	at org.testng.internal.Invoker.invokeTestMethod(Invoker.java:851)
	at org.testng.internal.Invoker.invokeTestMethods(Invoker.java:1177)
	at org.testng.internal.TestMethodWorker.invokeTestMethods(TestMethodWorker.java:129)
	at org.testng.internal.TestMethodWorker.run(TestMethodWorker.java:112)
	at org.testng.TestRunner.privateRun(TestRunner.java:756)
	at org.testng.TestRunner.run(TestRunner.java:610)
	at org.testng.SuiteRunner.runTest(SuiteRunner.java:387)
	at org.testng.SuiteRunner.runSequentially(SuiteRunner.java:382)
	at org.testng.SuiteRunner.privateRun(SuiteRunner.java:340)
	at org.testng.SuiteRunner.run(SuiteRunner.java:289)
	at org.testng.SuiteRunnerWorker.runSuite(SuiteRunnerWorker.java:52)
	at org.testng.SuiteRunnerWorker.run(SuiteRunnerWorker.java:86)
	at java.util.concurrent.ThreadPoolExecutor.runWorker(ThreadPoolExecutor.java:1142)
	at java.util.concurrent.ThreadPoolExecutor$Worker.run(ThreadPoolExecutor.java:617)
	at java.lang.Thread.run(Thread.java:745)
]]>
            </full-stacktrace>
          </exception> <!-- org.openqa.selenium.NoSuchSessionException -->
          <reporter-output>
          </reporter-output>
        </test-method> <!-- plus -->
      </class> <!-- testqq.TestContacts -->
      <class name="testqq.TestMessage">
        <test-method status="PASS" signature="startServer(java.lang.String, java.lang.String, java.lang.String, java.lang.String, java.lang.String, java.lang.String)[pri:0, instance:testqq.TestMessage@1517365b]" name="startServer" is-config="true" duration-ms="871" started-at="2018-03-24T21:31:54Z" finished-at="2018-03-24T21:31:55Z">
          <params>
            <param index="0">
              <value>
                <![CDATA[node]]>
              </value>
            </param>
            <param index="1">
              <value>
                <![CDATA[C:/Users/dell1/AppData/Local/Programs/appium-desktop/resources/app/node_modules/appium/build/lib/main.js]]>
              </value>
            </param>
            <param index="2">
              <value>
                <![CDATA[4725]]>
              </value>
            </param>
            <param index="3">
              <value>
                <![CDATA[4726]]>
              </value>
            </param>
            <param index="4">
              <value>
                <![CDATA[9516]]>
              </value>
            </param>
            <param index="5">
              <value>
                <![CDATA[8bf38460]]>
              </value>
            </param>
          </params>
          <reporter-output>
          </reporter-output>
        </test-method> <!-- startServer -->
        <test-method status="PASS" signature="setUp(java.lang.String, java.lang.String, java.lang.String, java.lang.String, java.lang.String, java.lang.String, java.lang.String)[pri:0, instance:testqq.TestMessage@1517365b]" name="setUp" is-config="true" duration-ms="42893" started-at="2018-03-24T21:31:55Z" finished-at="2018-03-24T21:32:38Z">
          <params>
            <param index="0">
              <value>
                <![CDATA[4725]]>
              </value>
            </param>
            <param index="1">
              <value>
                <![CDATA[Android]]>
              </value>
            </param>
            <param index="2">
              <value>
                <![CDATA[7.0]]>
              </value>
            </param>
            <param index="3">
              <value>
                <![CDATA[8bf38460]]>
              </value>
            </param>
            <param index="4">
              <value>
                <![CDATA[com.tencent.mobileqq]]>
              </value>
            </param>
            <param index="5">
              <value>
                <![CDATA[com.tencent.mobileqq.activity.SplashActivity]]>
              </value>
            </param>
            <param index="6">
              <value>
                <![CDATA[]]>
              </value>
            </param>
          </params>
          <reporter-output>
          </reporter-output>
        </test-method> <!-- setUp -->
        <test-method status="PASS" signature="findPage()[pri:0, instance:testqq.TestMessage@1517365b]" name="findPage" is-config="true" duration-ms="2001" started-at="2018-03-24T21:32:38Z" finished-at="2018-03-24T21:32:40Z">
          <reporter-output>
          </reporter-output>
        </test-method> <!-- findPage -->
        <test-method status="FAIL" signature="operation()[pri:0, instance:testqq.TestMessage@1517365b]" name="operation" duration-ms="80" started-at="2018-03-24T21:32:40Z" finished-at="2018-03-24T21:32:40Z">
          <exception class="java.lang.IndexOutOfBoundsException">
            <message>
              <![CDATA[Index: 0, Size: 0]]>
            </message>
            <full-stacktrace>
              <![CDATA[java.lang.IndexOutOfBoundsException: Index: 0, Size: 0
	at java.util.ArrayList.rangeCheck(ArrayList.java:653)
	at java.util.ArrayList.get(ArrayList.java:429)
	at sun.reflect.NativeMethodAccessorImpl.invoke0(Native Method)
	at sun.reflect.NativeMethodAccessorImpl.invoke(NativeMethodAccessorImpl.java:62)
	at sun.reflect.DelegatingMethodAccessorImpl.invoke(DelegatingMethodAccessorImpl.java:43)
	at java.lang.reflect.Method.invoke(Method.java:498)
	at org.openqa.selenium.support.pagefactory.internal.LocatingElementListHandler.invoke(LocatingElementListHandler.java:39)
	at com.sun.proxy.$Proxy11.get(Unknown Source)
	at testqq.TestMessage.operation(TestMessage.java:23)
	at sun.reflect.NativeMethodAccessorImpl.invoke0(Native Method)
	at sun.reflect.NativeMethodAccessorImpl.invoke(NativeMethodAccessorImpl.java:62)
	at sun.reflect.DelegatingMethodAccessorImpl.invoke(DelegatingMethodAccessorImpl.java:43)
	at java.lang.reflect.Method.invoke(Method.java:498)
	at org.testng.internal.MethodInvocationHelper.invokeMethod(MethodInvocationHelper.java:104)
	at org.testng.internal.Invoker.invokeMethod(Invoker.java:645)
	at org.testng.internal.Invoker.invokeTestMethod(Invoker.java:851)
	at org.testng.internal.Invoker.invokeTestMethods(Invoker.java:1177)
	at org.testng.internal.TestMethodWorker.invokeTestMethods(TestMethodWorker.java:129)
	at org.testng.internal.TestMethodWorker.run(TestMethodWorker.java:112)
	at org.testng.TestRunner.privateRun(TestRunner.java:756)
	at org.testng.TestRunner.run(TestRunner.java:610)
	at org.testng.SuiteRunner.runTest(SuiteRunner.java:387)
	at org.testng.SuiteRunner.runSequentially(SuiteRunner.java:382)
	at org.testng.SuiteRunner.privateRun(SuiteRunner.java:340)
	at org.testng.SuiteRunner.run(SuiteRunner.java:289)
	at org.testng.SuiteRunnerWorker.runSuite(SuiteRunnerWorker.java:52)
	at org.testng.SuiteRunnerWorker.run(SuiteRunnerWorker.java:86)
	at java.util.concurrent.ThreadPoolExecutor.runWorker(ThreadPoolExecutor.java:1142)
	at java.util.concurrent.ThreadPoolExecutor$Worker.run(ThreadPoolExecutor.java:617)
	at java.lang.Thread.run(Thread.java:745)
]]>
            </full-stacktrace>
          </exception> <!-- java.lang.IndexOutOfBoundsException -->
          <reporter-output>
          </reporter-output>
        </test-method> <!-- operation -->
        <test-method status="FAIL" signature="tearDown()[pri:0, instance:testqq.TestMessage@1517365b]" name="tearDown" is-config="true" duration-ms="0" started-at="2018-03-24T21:32:42Z" finished-at="2018-03-24T21:32:42Z">
          <exception class="org.openqa.selenium.NoSuchSessionException">
            <message>
              <![CDATA[A session is either terminated or not started (WARNING: The server did not provide any stacktrace information)
Command duration or timeout: 0 milliseconds
Build info: version: '3.6.0', revision: '6fbf3ec767', time: '2017-09-27T15:28:36.4Z'
System info: host: 'DELL', ip: '10.198.1.22', os.name: 'Windows 10', os.arch: 'amd64', os.version: '10.0', java.version: '1.8.0_112-release'
Driver info: io.appium.java_client.android.AndroidDriver
Capabilities [{app=, appPackage=com.tencent.mobileqq, noReset=true, noSign=true, deviceName=8bf38460, platform=ANDROID, appActivity=com.tencent.mobileqq.activity.SplashActivity, platformVersion=7.0, automationName=UIAutomator2, javascriptEnabled=true, unicodeKeyboard=true, udid=8bf38460, platformName=ANDROID, resetKeyboard=true}]
Session ID: 2ce8c668-1807-4263-bdba-9bcb5754e5b4]]>
            </message>
            <full-stacktrace>
              <![CDATA[org.openqa.selenium.NoSuchSessionException: A session is either terminated or not started (WARNING: The server did not provide any stacktrace information)
Command duration or timeout: 0 milliseconds
Build info: version: '3.6.0', revision: '6fbf3ec767', time: '2017-09-27T15:28:36.4Z'
System info: host: 'DELL', ip: '10.198.1.22', os.name: 'Windows 10', os.arch: 'amd64', os.version: '10.0', java.version: '1.8.0_112-release'
Driver info: io.appium.java_client.android.AndroidDriver
Capabilities [{app=, appPackage=com.tencent.mobileqq, noReset=true, noSign=true, deviceName=8bf38460, platform=ANDROID, appActivity=com.tencent.mobileqq.activity.SplashActivity, platformVersion=7.0, automationName=UIAutomator2, javascriptEnabled=true, unicodeKeyboard=true, udid=8bf38460, platformName=ANDROID, resetKeyboard=true}]
Session ID: 2ce8c668-1807-4263-bdba-9bcb5754e5b4
	at sun.reflect.NativeConstructorAccessorImpl.newInstance0(Native Method)
	at sun.reflect.NativeConstructorAccessorImpl.newInstance(NativeConstructorAccessorImpl.java:62)
	at sun.reflect.DelegatingConstructorAccessorImpl.newInstance(DelegatingConstructorAccessorImpl.java:45)
	at java.lang.reflect.Constructor.newInstance(Constructor.java:423)
	at org.openqa.selenium.remote.ErrorHandler.createThrowable(ErrorHandler.java:214)
	at org.openqa.selenium.remote.ErrorHandler.throwIfResponseFailed(ErrorHandler.java:166)
	at org.openqa.selenium.remote.http.JsonHttpResponseCodec.reconstructValue(JsonHttpResponseCodec.java:40)
	at org.openqa.selenium.remote.http.AbstractHttpResponseCodec.decode(AbstractHttpResponseCodec.java:82)
	at org.openqa.selenium.remote.http.AbstractHttpResponseCodec.decode(AbstractHttpResponseCodec.java:45)
	at org.openqa.selenium.remote.HttpCommandExecutor.execute(HttpCommandExecutor.java:164)
	at io.appium.java_client.remote.AppiumCommandExecutor.execute(AppiumCommandExecutor.java:89)
	at org.openqa.selenium.remote.RemoteWebDriver.execute(RemoteWebDriver.java:586)
	at io.appium.java_client.DefaultGenericMobileDriver.execute(DefaultGenericMobileDriver.java:46)
	at io.appium.java_client.AppiumDriver.execute(AppiumDriver.java:1)
	at io.appium.java_client.android.AndroidDriver.execute(AndroidDriver.java:1)
	at org.openqa.selenium.remote.RemoteWebDriver.quit(RemoteWebDriver.java:482)
	at yph.base.BaseTest.tearDown(BaseTest.java:63)
	at sun.reflect.NativeMethodAccessorImpl.invoke0(Native Method)
	at sun.reflect.NativeMethodAccessorImpl.invoke(NativeMethodAccessorImpl.java:62)
	at sun.reflect.DelegatingMethodAccessorImpl.invoke(DelegatingMethodAccessorImpl.java:43)
	at java.lang.reflect.Method.invoke(Method.java:498)
	at org.testng.internal.MethodInvocationHelper.invokeMethod(MethodInvocationHelper.java:104)
	at org.testng.internal.Invoker.invokeConfigurationMethod(Invoker.java:515)
	at org.testng.internal.Invoker.invokeConfigurations(Invoker.java:217)
	at org.testng.internal.Invoker.invokeConfigurations(Invoker.java:144)
	at org.testng.TestRunner.afterRun(TestRunner.java:983)
	at org.testng.TestRunner.run(TestRunner.java:614)
	at org.testng.SuiteRunner.runTest(SuiteRunner.java:387)
	at org.testng.SuiteRunner.runSequentially(SuiteRunner.java:382)
	at org.testng.SuiteRunner.privateRun(SuiteRunner.java:340)
	at org.testng.SuiteRunner.run(SuiteRunner.java:289)
	at org.testng.SuiteRunnerWorker.runSuite(SuiteRunnerWorker.java:52)
	at org.testng.SuiteRunnerWorker.run(SuiteRunnerWorker.java:86)
	at java.util.concurrent.ThreadPoolExecutor.runWorker(ThreadPoolExecutor.java:1142)
	at java.util.concurrent.ThreadPoolExecutor$Worker.run(ThreadPoolExecutor.java:617)
	at java.lang.Thread.run(Thread.java:745)
]]>
            </full-stacktrace>
          </exception> <!-- org.openqa.selenium.NoSuchSessionException -->
          <reporter-output>
          </reporter-output>
        </test-method> <!-- tearDown -->
      </class> <!-- testqq.TestMessage -->
    </test> <!-- testqq -->
  </suite> <!-- 8bf38460 -->
</testng-results>
